
> horizonv2@0.1.0 dev
> next dev

▲ Next.js 16.2.1 (Turbopack)
- Local:         http://localhost:3000
- Network:       http://172.16.85.65:3000
- Environments: .env.local
✓ Ready in 529ms
Creating turbopack project { dir: 'D:\\HorizonV2\\horizonv2', testMode: true }

 GET /chat 200 in 2.2s (next.js: 421ms, proxy.ts: 911ms, application-code: 895ms)
 GET / 200 in 252ms (next.js: 66ms, proxy.ts: 38ms, application-code: 149ms)
 GET /chat 404 in 252ms (next.js: 82ms, proxy.ts: 27ms, application-code: 143ms)
 GET / 200 in 144ms (next.js: 9ms, proxy.ts: 16ms, application-code: 120ms)
 GET /chat 404 in 141ms (next.js: 30ms, proxy.ts: 16ms, application-code: 95ms)
 GET /chat 200 in 154ms (next.js: 42ms, proxy.ts: 12ms, application-code: 100ms)
 GET /chat 200 in 109ms (next.js: 6ms, proxy.ts: 23ms, application-code: 79ms)
 GET /chat 200 in 839ms (next.js: 5ms, proxy.ts: 768ms, application-code: 66ms)
✓ Compiled in 939ms
 GET / 200 in 79ms (next.js: 7ms, proxy.ts: 8ms, application-code: 65ms)
 GET /chat 404 in 119ms (next.js: 14ms, proxy.ts: 11ms, application-code: 94ms)
[?25h
