
> horizonv2@0.1.0 dev
> next dev

▲ Next.js 16.2.1 (Turbopack)
- Local:         http://localhost:3000
- Network:       http://172.16.85.65:3000
- Environments: .env.local
✓ Ready in 1026ms
Creating turbopack project { dir: 'D:\\HorizonV2\\horizonv2', testMode: true }

 GET /chat 200 in 2.1s (next.js: 392ms, proxy.ts: 962ms, application-code: 717ms)
 GET / 200 in 123ms (next.js: 35ms, proxy.ts: 22ms, application-code: 66ms)
 GET /chat 404 in 135ms (next.js: 38ms, proxy.ts: 24ms, application-code: 73ms)
 GET /chat 200 in 897ms (next.js: 8ms, proxy.ts: 817ms, application-code: 72ms)
○ Compiling /api/ai/chat ...
 POST /api/ai/chat 200 in 6.8s (next.js: 6.0s, proxy.ts: 12ms, application-code: 826ms)
 POST /api/ai/chat 200 in 551ms (next.js: 5ms, proxy.ts: 25ms, application-code: 520ms)
 POST /api/ai/chat 200 in 1139ms (next.js: 4ms, proxy.ts: 23ms, application-code: 1112ms)
 POST /api/ai/summarize 200 in 2.2s (next.js: 1173ms, proxy.ts: 10ms, application-code: 986ms)
 POST /api/ai/chat 200 in 565ms (next.js: 5ms, proxy.ts: 11ms, application-code: 549ms)
✓ Compiled in 389ms
 GET /chat 200 in 1738ms (next.js: 330ms, proxy.ts: 1006ms, application-code: 402ms)
 GET /chat 200 in 866ms (next.js: 8ms, proxy.ts: 29ms, application-code: 829ms)
 GET /chat 200 in 836ms (next.js: 46ms, proxy.ts: 63ms, application-code: 727ms)
 GET /chat 200 in 840ms (next.js: 230ms, proxy.ts: 66ms, application-code: 544ms)
 GET /chat 200 in 848ms (next.js: 131ms, proxy.ts: 65ms, application-code: 652ms)
 GET /chat 200 in 845ms (next.js: 309ms, proxy.ts: 72ms, application-code: 464ms)
 GET /chat 200 in 914ms (next.js: 17ms, proxy.ts: 412ms, application-code: 485ms)
 GET /chat 200 in 656ms (next.js: 82ms, proxy.ts: 22ms, application-code: 551ms)
 GET /chat 200 in 523ms (next.js: 31ms, proxy.ts: 67ms, application-code: 425ms)
 GET /chat 200 in 510ms (next.js: 153ms, proxy.ts: 59ms, application-code: 298ms)
 GET /chat 200 in 518ms (next.js: 94ms, proxy.ts: 59ms, application-code: 366ms)
 GET /chat 200 in 524ms (next.js: 240ms, proxy.ts: 49ms, application-code: 235ms)
 GET /chat 200 in 699ms (next.js: 13ms, proxy.ts: 110ms, application-code: 577ms)
 GET /chat 200 in 601ms (next.js: 51ms, proxy.ts: 22ms, application-code: 528ms)
 GET /chat 200 in 571ms (next.js: 43ms, proxy.ts: 113ms, application-code: 415ms)
 GET /chat 200 in 570ms (next.js: 94ms, proxy.ts: 126ms, application-code: 350ms)
 GET /chat 200 in 561ms (next.js: 156ms, proxy.ts: 117ms, application-code: 287ms)
 GET /chat 200 in 471ms (next.js: 341ms, proxy.ts: 42ms, application-code: 88ms)
✓ Compiled in 322ms
✓ Compiled in 634ms
 GET /chat 200 in 2.1s (next.js: 8ms, proxy.ts: 17ms, application-code: 2.1s)
 GET /chat 200 in 2.0s (next.js: 37ms, proxy.ts: 36ms, application-code: 1965ms)
 GET /chat 200 in 2.9s (next.js: 281ms, proxy.ts: 163ms, application-code: 2.4s)
 GET /chat 200 in 2.2s (next.js: 286ms, proxy.ts: 39ms, application-code: 1832ms)
 GET /chat 200 in 2.3s (next.js: 86ms, proxy.ts: 38ms, application-code: 2.2s)
 GET /chat 200 in 2.4s (next.js: 390ms, proxy.ts: 50ms, application-code: 1915ms)
 GET /profile 200 in 1700ms (next.js: 8ms, proxy.ts: 17ms, application-code: 1675ms)
 GET /profile 200 in 4.7s (next.js: 2.8s, proxy.ts: 28ms, application-code: 1911ms)
✓ Compiled in 177ms
 GET /profile 500 in 2.3s (next.js: 455ms, proxy.ts: 269ms, application-code: 1616ms)
