
> horizonv2@0.1.0 dev
> next dev

▲ Next.js 16.2.1 (Turbopack)
- Local:         http://localhost:3000
- Network:       http://172.16.85.65:3000
- Environments: .env.local
✓ Ready in 488ms
Creating turbopack project { dir: 'D:\\HorizonV2\\horizonv2', testMode: true }

 GET /chat 200 in 1726ms (next.js: 307ms, proxy.ts: 979ms, application-code: 441ms)
 GET /chat 200 in 1609ms (next.js: 612ms, proxy.ts: 853ms, application-code: 144ms)
 GET / 200 in 94ms (next.js: 31ms, proxy.ts: 19ms, application-code: 44ms)
 GET /chat 404 in 87ms (next.js: 35ms, proxy.ts: 6ms, application-code: 46ms)
 GET / 200 in 129ms (next.js: 9ms, proxy.ts: 9ms, application-code: 112ms)
 GET /chat 404 in 175ms (next.js: 72ms, proxy.ts: 9ms, application-code: 94ms)
 GET /chat 200 in 1166ms (next.js: 11ms, proxy.ts: 879ms, application-code: 276ms)
✓ Compiled in 839ms
 GET /chat 404 in 128ms (next.js: 19ms, proxy.ts: 27ms, application-code: 82ms)
 GET /chat 200 in 1019ms (next.js: 250ms, proxy.ts: 27ms, application-code: 742ms)
✓ Compiled in 63ms
 GET /chat 404 in 163ms (next.js: 22ms, proxy.ts: 25ms, application-code: 116ms)
[?25h
