
> horizonv2@0.1.0 dev
> next dev

▲ Next.js 16.2.1 (Turbopack)
- Local:         http://localhost:3000
- Network:       http://172.16.85.65:3000
- Environments: .env.local
✓ Ready in 595ms
Creating turbopack project { dir: 'D:\\HorizonV2\\horizonv2', testMode: true }

 GET /chat 200 in 3.3s (next.js: 615ms, proxy.ts: 1646ms, application-code: 1042ms)
 GET / 200 in 237ms (next.js: 65ms, proxy.ts: 38ms, application-code: 134ms)
 GET /chat 404 in 178ms (next.js: 57ms, proxy.ts: 19ms, application-code: 102ms)
 GET / 200 in 176ms (next.js: 7ms, proxy.ts: 24ms, application-code: 145ms)
 GET /chat 404 in 186ms (next.js: 65ms, proxy.ts: 20ms, application-code: 102ms)
 GET /chat 200 in 209ms (next.js: 14ms, proxy.ts: 39ms, application-code: 157ms)
 GET /chat 200 in 427ms (next.js: 61ms, proxy.ts: 135ms, application-code: 232ms)
 GET /chat 200 in 236ms (next.js: 11ms, proxy.ts: 34ms, application-code: 191ms)
 GET /chat 200 in 168ms (next.js: 11ms, proxy.ts: 19ms, application-code: 138ms)
 GET /chat 200 in 166ms (next.js: 8ms, proxy.ts: 28ms, application-code: 129ms)
✓ Compiled in 1372ms
 GET / 200 in 254ms (next.js: 20ms, proxy.ts: 25ms, application-code: 209ms)
 GET /chat 404 in 110ms (next.js: 13ms, proxy.ts: 12ms, application-code: 86ms)
[?25h
