⚠ The "middleware" file convention is deprecated. Please use "proxy" instead. Learn more: https://nextjs.org/docs/messages/middleware-to-proxy
[browser] Clerk: Clerk has been loaded with development keys. Development instances have strict usage limits and should not be used when deploying your application to production. Learn more: https://clerk.com/docs/deployments/overview (https://picked-doberman-29.clerk.accounts.dev/npm/@clerk/clerk-js@6/dist/clerk.browser.js:12:3226)
[browser] Clerk: Clerk has been loaded with development keys. Development instances have strict usage limits and should not be used when deploying your application to production. Learn more: https://clerk.com/docs/deployments/overview (https://picked-doberman-29.clerk.accounts.dev/npm/@clerk/clerk-js@6/dist/clerk.browser.js:12:3226)
[browser] Clerk: Clerk has been loaded with development keys. Development instances have strict usage limits and should not be used when deploying your application to production. Learn more: https://clerk.com/docs/deployments/overview (https://picked-doberman-29.clerk.accounts.dev/npm/@clerk/clerk-js@6/dist/clerk.browser.js:12:3226)
[browser] Send error: {
  code: [32m'23503'[39m,
  details: [32m'Key (sender_id)=(user_3Bd5NNYuEOiCuU7BIDQ07yh5LFB) is not present in table "profiles".'[39m,
  hint: [1mnull[22m,
  message: [32m'insert or update on table "messages" violates foreign key constraint "messages_sender_id_fkey"'[39m
} 
    at sendMessage (components/ChatWindow.tsx:80:15)
  78 |     })
  79 |     if (error) {
> 80 |       console.error('Send error:', error)
     |               ^
  81 |       setInput(content)
  82 |     }
  83 |   } (components/ChatWindow.tsx:80:15)
[browser] Clerk: Clerk has been loaded with development keys. Development instances have strict usage limits and should not be used when deploying your application to production. Learn more: https://clerk.com/docs/deployments/overview (https://picked-doberman-29.clerk.accounts.dev/npm/@clerk/clerk-js@6/dist/clerk.browser.js:12:3226)
[browser] Send error: {
  code: [32m'23503'[39m,
  details: [32m'Key (sender_id)=(user_3Bd5NNYuEOiCuU7BIDQ07yh5LFB) is not present in table "profiles".'[39m,
  hint: [1mnull[22m,
  message: [32m'insert or update on table "messages" violates foreign key constraint "messages_sender_id_fkey"'[39m
} (components/ChatWindow.tsx:87:15)
