
> horizonv2@0.1.0 dev
> next dev

▲ Next.js 16.2.1 (Turbopack)
- Local:         http://localhost:3000
- Network:       http://172.16.85.65:3000
- Environments: .env.local
✓ Ready in 711ms
Creating turbopack project { dir: 'D:\\HorizonV2\\horizonv2', testMode: true }

 GET / 200 in 1245ms (next.js: 377ms, proxy.ts: 241ms, application-code: 628ms)
 GET /chat 404 in 217ms (next.js: 66ms, proxy.ts: 33ms, application-code: 119ms)
 GET / 200 in 368ms (next.js: 28ms, proxy.ts: 22ms, application-code: 318ms)
 GET /chat 404 in 600ms (next.js: 214ms, proxy.ts: 143ms, application-code: 243ms)
 GET / 200 in 187ms (next.js: 13ms, proxy.ts: 22ms, application-code: 151ms)
 GET /sign-up 200 in 2.5s (next.js: 2.3s, proxy.ts: 28ms, application-code: 171ms)
 GET /sign-up/SignUp_clerk_catchall_check_1774805934314 200 in 140ms (next.js: 31ms, proxy.ts: 18ms, application-code: 91ms)
 GET / 200 in 152ms (next.js: 9ms, proxy.ts: 15ms, application-code: 128ms)
 GET / 200 in 128ms (next.js: 6ms, proxy.ts: 19ms, application-code: 103ms)
 GET /sign-up 200 in 156ms (next.js: 24ms, proxy.ts: 23ms, application-code: 109ms)
 GET /sign-up/SignUp_clerk_catchall_check_1774806025916 200 in 154ms (next.js: 22ms, proxy.ts: 20ms, application-code: 111ms)
 GET / 200 in 156ms (next.js: 11ms, proxy.ts: 34ms, application-code: 111ms)
 GET /sign-up 200 in 135ms (next.js: 25ms, proxy.ts: 15ms, application-code: 95ms)
 GET /sign-up/SignUp_clerk_catchall_check_1774806045062 200 in 141ms (next.js: 23ms, proxy.ts: 24ms, application-code: 94ms)
 POST /sign-up 200 in 142ms (next.js: 27ms, proxy.ts: 22ms, application-code: 93ms)
  └─ ƒ invalidateCacheAction() in 13ms node_modules/@clerk/nextjs/dist/esm/app-router/server-actions.js
 GET / 200 in 98ms (next.js: 6ms, proxy.ts: 26ms, application-code: 66ms)
 GET /chat 200 in 1653ms (next.js: 10ms, proxy.ts: 20ms, application-code: 1623ms)
 GET /chat 200 in 3.6s (next.js: 1800ms, proxy.ts: 16ms, application-code: 1765ms)
 GET / 200 in 180ms (next.js: 26ms, proxy.ts: 15ms, application-code: 139ms)
 GET /sign-in 200 in 1310ms (next.js: 1150ms, proxy.ts: 23ms, application-code: 137ms)
 GET /sign-in/SignIn_clerk_catchall_check_1774806200681 200 in 158ms (next.js: 25ms, proxy.ts: 23ms, application-code: 110ms)
 POST /sign-in 200 in 115ms (next.js: 26ms, proxy.ts: 12ms, application-code: 77ms)
  └─ ƒ invalidateCacheAction() in 1ms node_modules/@clerk/nextjs/dist/esm/app-router/server-actions.js
 GET / 200 in 94ms (next.js: 6ms, proxy.ts: 30ms, application-code: 59ms)
 GET /chat 200 in 787ms (next.js: 7ms, proxy.ts: 15ms, application-code: 766ms)
 GET /chat 200 in 1136ms (next.js: 9ms, proxy.ts: 13ms, application-code: 1113ms)
✓ Compiled in 1313ms
 GET /chat 200 in 2.3s (next.js: 586ms, proxy.ts: 1063ms, application-code: 619ms)
 GET /chat 200 in 2.3s (next.js: 403ms, proxy.ts: 1075ms, application-code: 816ms)
 GET /chat 200 in 1218ms (next.js: 20ms, proxy.ts: 45ms, application-code: 1153ms)
 GET /chat 200 in 1208ms (next.js: 100ms, proxy.ts: 41ms, application-code: 1068ms)
 GET /chat 200 in 1012ms (next.js: 69ms, proxy.ts: 105ms, application-code: 839ms)
 GET /chat 200 in 1002ms (next.js: 118ms, proxy.ts: 96ms, application-code: 788ms)
 GET /chat 200 in 965ms (next.js: 330ms, proxy.ts: 83ms, application-code: 552ms)
 GET /chat 200 in 1002ms (next.js: 215ms, proxy.ts: 110ms, application-code: 678ms)
 GET /chat 200 in 973ms (next.js: 272ms, proxy.ts: 84ms, application-code: 618ms)
 GET /chat 200 in 968ms (next.js: 401ms, proxy.ts: 85ms, application-code: 482ms)
 GET /chat 200 in 968ms (next.js: 555ms, proxy.ts: 88ms, application-code: 325ms)
 GET /chat 200 in 940ms (next.js: 763ms, proxy.ts: 71ms, application-code: 105ms)
✓ Compiled in 78ms
 GET / 200 in 784ms (next.js: 92ms, proxy.ts: 79ms, application-code: 613ms)
 GET /chat 404 in 196ms (next.js: 59ms, proxy.ts: 19ms, application-code: 118ms)
[?25h
